<?xml version="1.0" encoding="UTF-8"?>
<!-- Generated by org.testng.reporters.JUnitXMLReporter -->
<testsuite hostname="WINVH185034-GUK" name="Test" tests="3" failures="0" timestamp="12 Feb 2020 17:02:26 GMT" time="58.823" errors="0">
  <testcase name="searchWatch" time="5.509" classname="com.flipkart.tests.ScenarioSignzy"/>
  <testcase name="printProdDescription" time="19.063" classname="com.flipkart.tests.ScenarioSignzy"/>
  <testcase name="printAllProducts" time="8.656" classname="com.flipkart.tests.ScenarioSignzy"/>
</testsuite> <!-- Test -->
