<?xml version="1.0" encoding="UTF-8"?>
<!-- Generated by org.testng.reporters.JUnitXMLReporter -->
<testsuite hostname="amrut-PC" name="Default test" tests="3" failures="0" timestamp="16 Jul 2020 16:30:36 GMT" time="92.024" errors="0">
  <testcase name="searchWatch" time="12.035" classname="com.flipkart.tests.ScenarioSignzy"/>
  <testcase name="printProdDescription" time="22.952" classname="com.flipkart.tests.ScenarioSignzy"/>
  <testcase name="printAllProducts" time="17.231" classname="com.flipkart.tests.ScenarioSignzy"/>
</testsuite> <!-- Default test -->
