<?xml version="1.0" encoding="UTF-8"?>
<testng-results skipped="0" failed="0" total="3" passed="3">
  <reporter-output>
  </reporter-output>
  <suite name="Default suite" duration-ms="92024" started-at="2020-07-16T16:29:04Z" finished-at="2020-07-16T16:30:36Z">
    <groups>
    </groups>
    <test name="Default test" duration-ms="92024" started-at="2020-07-16T16:29:04Z" finished-at="2020-07-16T16:30:36Z">
      <class name="com.flipkart.tests.ScenarioSignzy">
        <test-method status="PASS" signature="launchBrowser()[pri:0, instance:com.flipkart.tests.ScenarioSignzy@10d210d]" name="launchBrowser" is-config="true" duration-ms="16106" started-at="2020-07-16T21:59:04Z" finished-at="2020-07-16T21:59:20Z">
          <reporter-output>
          </reporter-output>
        </test-method> <!-- launchBrowser -->
        <test-method status="PASS" signature="searchWatch()[pri:1, instance:com.flipkart.tests.ScenarioSignzy@10d210d]" name="searchWatch" duration-ms="12035" started-at="2020-07-16T21:59:20Z" finished-at="2020-07-16T21:59:32Z">
          <reporter-output>
          </reporter-output>
        </test-method> <!-- searchWatch -->
        <test-method status="PASS" signature="postExecution()[pri:0, instance:com.flipkart.tests.ScenarioSignzy@10d210d]" name="postExecution" is-config="true" duration-ms="1205" started-at="2020-07-16T21:59:32Z" finished-at="2020-07-16T21:59:33Z">
          <reporter-output>
          </reporter-output>
        </test-method> <!-- postExecution -->
        <test-method status="PASS" signature="launchBrowser()[pri:0, instance:com.flipkart.tests.ScenarioSignzy@10d210d]" name="launchBrowser" is-config="true" duration-ms="9955" started-at="2020-07-16T21:59:33Z" finished-at="2020-07-16T21:59:43Z">
          <reporter-output>
          </reporter-output>
        </test-method> <!-- launchBrowser -->
        <test-method status="PASS" signature="printProdDescription()[pri:2, instance:com.flipkart.tests.ScenarioSignzy@10d210d]" name="printProdDescription" duration-ms="22952" started-at="2020-07-16T21:59:43Z" finished-at="2020-07-16T22:00:06Z">
          <reporter-output>
          </reporter-output>
        </test-method> <!-- printProdDescription -->
        <test-method status="PASS" signature="postExecution()[pri:0, instance:com.flipkart.tests.ScenarioSignzy@10d210d]" name="postExecution" is-config="true" duration-ms="1465" started-at="2020-07-16T22:00:06Z" finished-at="2020-07-16T22:00:08Z">
          <reporter-output>
          </reporter-output>
        </test-method> <!-- postExecution -->
        <test-method status="PASS" signature="launchBrowser()[pri:0, instance:com.flipkart.tests.ScenarioSignzy@10d210d]" name="launchBrowser" is-config="true" duration-ms="9773" started-at="2020-07-16T22:00:08Z" finished-at="2020-07-16T22:00:17Z">
          <reporter-output>
          </reporter-output>
        </test-method> <!-- launchBrowser -->
        <test-method status="PASS" signature="printAllProducts()[pri:3, instance:com.flipkart.tests.ScenarioSignzy@10d210d]" name="printAllProducts" duration-ms="17231" started-at="2020-07-16T22:00:17Z" finished-at="2020-07-16T22:00:35Z">
          <reporter-output>
          </reporter-output>
        </test-method> <!-- printAllProducts -->
        <test-method status="PASS" signature="postExecution()[pri:0, instance:com.flipkart.tests.ScenarioSignzy@10d210d]" name="postExecution" is-config="true" duration-ms="1275" started-at="2020-07-16T22:00:35Z" finished-at="2020-07-16T22:00:36Z">
          <reporter-output>
          </reporter-output>
        </test-method> <!-- postExecution -->
      </class> <!-- com.flipkart.tests.ScenarioSignzy -->
    </test> <!-- Default test -->
  </suite> <!-- Default suite -->
</testng-results>
